  [1m[35m (1196.9ms)[0m  [1m[35mCREATE DATABASE "rolodex_challenge_development" ENCODING = 'unicode'[0m
  [1m[35m (683.0ms)[0m  [1m[35mCREATE DATABASE "rolodex_challenge_test" ENCODING = 'unicode'[0m
Started GET "/" for ::1 at 2022-03-17 16:13:49 -0700
Processing by Rails::WelcomeController#index as HTML
  Rendering /Users/learnacademy/.rvm/gems/ruby-3.0.0/gems/railties-7.0.2.3/lib/rails/templates/rails/welcome/index.html.erb
  Rendered /Users/learnacademy/.rvm/gems/ruby-3.0.0/gems/railties-7.0.2.3/lib/rails/templates/rails/welcome/index.html.erb (Duration: 8.4ms | Allocations: 746)
Completed 200 OK in 77ms (Views: 28.7ms | ActiveRecord: 0.0ms | Allocations: 7046)


  [1m[35m (148.4ms)[0m  [1m[35mCREATE TABLE "schema_migrations" ("version" character varying NOT NULL PRIMARY KEY)[0m
  [1m[35m (34.9ms)[0m  [1m[35mCREATE TABLE "ar_internal_metadata" ("key" character varying NOT NULL PRIMARY KEY, "value" character varying, "created_at" timestamp(6) NOT NULL, "updated_at" timestamp(6) NOT NULL)[0m
  [1m[35m (2.3ms)[0m  [1m[34mSELECT pg_try_advisory_lock(2341405329366207825)[0m
  [1m[36mActiveRecord::SchemaMigration Pluck (5.4ms)[0m  [1m[34mSELECT "schema_migrations"."version" FROM "schema_migrations" ORDER BY "schema_migrations"."version" ASC[0m
Migrating to CreatePeople (20220317232224)
  [1m[36mTRANSACTION (10.4ms)[0m  [1m[35mBEGIN[0m
  [1m[35m (15.0ms)[0m  [1m[35mCREATE TABLE "people" ("id" bigserial primary key, "first_name" character varying, "last_name" character varying, "phone" character varying, "created_at" timestamp(6) NOT NULL, "updated_at" timestamp(6) NOT NULL)[0m
  [1m[36mActiveRecord::SchemaMigration Create (12.7ms)[0m  [1m[32mINSERT INTO "schema_migrations" ("version") VALUES ($1) RETURNING "version"[0m  [["version", "20220317232224"]]
  [1m[36mTRANSACTION (1.1ms)[0m  [1m[35mCOMMIT[0m
  [1m[36mActiveRecord::InternalMetadata Load (1.1ms)[0m  [1m[34mSELECT "ar_internal_metadata".* FROM "ar_internal_metadata" WHERE "ar_internal_metadata"."key" = $1 LIMIT $2[0m  [["key", "environment"], ["LIMIT", 1]]
  [1m[36mTRANSACTION (0.4ms)[0m  [1m[35mBEGIN[0m
  [1m[36mActiveRecord::InternalMetadata Create (25.6ms)[0m  [1m[32mINSERT INTO "ar_internal_metadata" ("key", "value", "created_at", "updated_at") VALUES ($1, $2, $3, $4) RETURNING "key"[0m  [["key", "environment"], ["value", "development"], ["created_at", "2022-03-17 23:26:09.769486"], ["updated_at", "2022-03-17 23:26:09.769486"]]
  [1m[36mTRANSACTION (1.1ms)[0m  [1m[35mCOMMIT[0m
  [1m[35m (0.8ms)[0m  [1m[34mSELECT pg_advisory_unlock(2341405329366207825)[0m
  [1m[36mActiveRecord::SchemaMigration Pluck (2.5ms)[0m  [1m[34mSELECT "schema_migrations"."version" FROM "schema_migrations" ORDER BY "schema_migrations"."version" ASC[0m
  [1m[36mTRANSACTION (9.2ms)[0m  [1m[35mBEGIN[0m
  [1m[36mPerson Create (7.9ms)[0m  [1m[32mINSERT INTO "people" ("first_name", "last_name", "phone", "created_at", "updated_at") VALUES ($1, $2, $3, $4, $5) RETURNING "id"[0m  [["first_name", "Gon"], ["last_name", "Freaks"], ["phone", "619012345"], ["created_at", "2022-03-17 23:36:37.710193"], ["updated_at", "2022-03-17 23:36:37.710193"]]
  [1m[36mTRANSACTION (4.1ms)[0m  [1m[35mCOMMIT[0m
  [1m[36mTRANSACTION (23.3ms)[0m  [1m[35mBEGIN[0m
  [1m[36mPerson Create (1.2ms)[0m  [1m[32mINSERT INTO "people" ("first_name", "last_name", "phone", "created_at", "updated_at") VALUES ($1, $2, $3, $4, $5) RETURNING "id"[0m  [["first_name", "Midoriya"], ["last_name", "Izuku"], ["phone", "8004156000"], ["created_at", "2022-03-17 23:39:01.596987"], ["updated_at", "2022-03-17 23:39:01.596987"]]
  [1m[36mTRANSACTION (2.1ms)[0m  [1m[35mCOMMIT[0m
  [1m[36mTRANSACTION (4.8ms)[0m  [1m[35mBEGIN[0m
  [1m[36mPerson Create (0.5ms)[0m  [1m[32mINSERT INTO "people" ("first_name", "last_name", "phone", "created_at", "updated_at") VALUES ($1, $2, $3, $4, $5) RETURNING "id"[0m  [["first_name", "Hayao"], ["last_name", "Miyazaki"], ["phone", "81570055777"], ["created_at", "2022-03-17 23:41:21.662260"], ["updated_at", "2022-03-17 23:41:21.662260"]]
  [1m[36mTRANSACTION (1.0ms)[0m  [1m[35mCOMMIT[0m
  [1m[36mTRANSACTION (0.2ms)[0m  [1m[35mBEGIN[0m
  [1m[36mPerson Create (0.5ms)[0m  [1m[32mINSERT INTO "people" ("first_name", "last_name", "phone", "created_at", "updated_at") VALUES ($1, $2, $3, $4, $5) RETURNING "id"[0m  [["first_name", "Borrito"], ["last_name", "Uzumaki"], ["phone", "50050005000"], ["created_at", "2022-03-17 23:43:24.668747"], ["updated_at", "2022-03-17 23:43:24.668747"]]
  [1m[36mTRANSACTION (1.1ms)[0m  [1m[35mCOMMIT[0m
  [1m[36mTRANSACTION (1.9ms)[0m  [1m[35mBEGIN[0m
  [1m[36mPerson Create (0.7ms)[0m  [1m[32mINSERT INTO "people" ("first_name", "last_name", "phone", "created_at", "updated_at") VALUES ($1, $2, $3, $4, $5) RETURNING "id"[0m  [["first_name", "Ash"], ["last_name", "Ketchum"], ["phone", "000000000"], ["created_at", "2022-03-17 23:44:03.661965"], ["updated_at", "2022-03-17 23:44:03.661965"]]
  [1m[36mTRANSACTION (0.9ms)[0m  [1m[35mCOMMIT[0m
  [1m[36mPerson Load (16.5ms)[0m  [1m[34mSELECT "people".* FROM "people"[0m
